<testsuites name="jest tests" tests="35" failures="0" time="21.384">
  <testsuite name="core: reducers (transactions)" errors="0" failures="0" skipped="0" timestamp="2018-10-25T16:12:27" time="2.619" tests="5">
    <testcase classname="core: reducers (transactions) Initial state" name="core: reducers (transactions) Initial state" time="0.033">
    </testcase>
    <testcase classname="core: reducers (transactions) Sends successfully" name="core: reducers (transactions) Sends successfully" time="0.006">
    </testcase>
    <testcase classname="core: reducers (transactions) Handles send error" name="core: reducers (transactions) Handles send error" time="0.001">
    </testcase>
    <testcase classname="core: reducers (transactions) Handles receipt error" name="core: reducers (transactions) Handles receipt error" time="0.001">
    </testcase>
    <testcase classname="core: reducers (transactions) Handles event data error" name="core: reducers (transactions) Handles event data error" time="0.001">
    </testcase>
  </testsuite>
  <testsuite name="WizardTemplate component" errors="0" failures="0" skipped="0" timestamp="2018-10-25T16:12:27" time="2.86" tests="1">
    <testcase classname="WizardTemplate component Renders initial component" name="WizardTemplate component Renders initial component" time="0.017">
    </testcase>
  </testsuite>
  <testsuite name="CreateColonyWizard component" errors="0" failures="0" skipped="0" timestamp="2018-10-25T16:12:27" time="2.646" tests="1">
    <testcase classname="CreateColonyWizard component Renders initial component (snapshot)" name="CreateColonyWizard component Renders initial component (snapshot)" time="0.019">
    </testcase>
  </testsuite>
  <testsuite name="Button component" errors="0" failures="0" skipped="0" timestamp="2018-10-25T16:12:27" time="3.175" tests="7">
    <testcase classname="Button component Renders initial component" name="Button component Renders initial component" time="0.044">
    </testcase>
    <testcase classname="Button component renders a plain value" name="Button component renders a plain value" time="0.025">
    </testcase>
    <testcase classname="Button component renders an intl message" name="Button component renders an intl message" time="0.005">
    </testcase>
    <testcase classname="Button component renders a child element" name="Button component renders a child element" time="0.004">
    </testcase>
    <testcase classname="Button component button is busy when loading" name="Button component button is busy when loading" time="0.004">
    </testcase>
    <testcase classname="Button component button is disabled" name="Button component button is disabled" time="0">
    </testcase>
    <testcase classname="Button component button has custom props" name="Button component button has custom props" time="0.001">
    </testcase>
  </testsuite>
  <testsuite name="Icon component" errors="0" failures="0" skipped="0" timestamp="2018-10-25T16:12:27" time="3.091" tests="3">
    <testcase classname="Icon component Renders initial component" name="Icon component Renders initial component" time="0.011">
    </testcase>
    <testcase classname="Icon component Works with MessageDescriptors" name="Icon component Works with MessageDescriptors" time="0.002">
    </testcase>
    <testcase classname="Icon component Shows the title value" name="Icon component Shows the title value" time="0.005">
    </testcase>
  </testsuite>
  <testsuite name="InputLabel intl={intl} component" errors="0" failures="0" skipped="0" timestamp="2018-10-25T16:12:27" time="3.117" tests="2">
    <testcase classname="InputLabel intl={intl} component Renders initial component" name="InputLabel intl={intl} component Renders initial component" time="0.012">
    </testcase>
    <testcase classname="InputLabel intl={intl} component If error is false, and help is true, returns help field" name="InputLabel intl={intl} component If error is false, and help is true, returns help field" time="0.005">
    </testcase>
  </testsuite>
  <testsuite name="Heading component" errors="0" failures="0" skipped="0" timestamp="2018-10-25T16:12:27" time="3.195" tests="6">
    <testcase classname="Heading component Renders initial component" name="Heading component Renders initial component" time="0.011">
    </testcase>
    <testcase classname="Heading component Works with MessageDescriptors" name="Heading component Works with MessageDescriptors" time="0.001">
    </testcase>
    <testcase classname="Heading component Shows the title value" name="Heading component Shows the title value" time="0.006">
    </testcase>
    <testcase classname="Heading component Has default heading element props" name="Heading component Has default heading element props" time="0.026">
    </testcase>
    <testcase classname="Heading component Correctly generates heading elements" name="Heading component Correctly generates heading elements" time="0.007">
    </testcase>
    <testcase classname="Heading component Can overwrite the heading element" name="Heading component Can overwrite the heading element" time="0.005">
    </testcase>
  </testsuite>
  <testsuite name="Radio component" errors="0" failures="0" skipped="0" timestamp="2018-10-25T16:12:27" time="3.235" tests="1">
    <testcase classname="Radio component Renders initial component" name="Radio component Renders initial component" time="0.012">
    </testcase>
  </testsuite>
  <testsuite name="Select component" errors="0" failures="0" skipped="0" timestamp="2018-10-25T16:12:27" time="3.5" tests="1">
    <testcase classname="Select component Renders initial component" name="Select component Renders initial component" time="0.013">
    </testcase>
  </testsuite>
  <testsuite name="ProfileCreate component" errors="0" failures="0" skipped="0" timestamp="2018-10-25T16:12:28" time="3.419" tests="1">
    <testcase classname="ProfileCreate component Renders initial component (snapshot)" name="ProfileCreate component Renders initial component (snapshot)" time="0.011">
    </testcase>
  </testsuite>
  <testsuite name="ProfileCreateForm component" errors="0" failures="0" skipped="0" timestamp="2018-10-25T16:12:27" time="3.686" tests="1">
    <testcase classname="ProfileCreateForm component Renders initial component (snapshot)" name="ProfileCreateForm component Renders initial component (snapshot)" time="0.012">
    </testcase>
  </testsuite>
  <testsuite name="DecisionHub component" errors="0" failures="0" skipped="0" timestamp="2018-10-25T16:12:27" time="3.963" tests="1">
    <testcase classname="DecisionHub component Renders initial component" name="DecisionHub component Renders initial component" time="0.012">
    </testcase>
  </testsuite>
  <testsuite name="withWizard HoC" errors="0" failures="0" skipped="0" timestamp="2018-10-25T16:12:27" time="4.16" tests="4">
    <testcase classname="withWizard HoC Renders initial step - use with Steps array" name="withWizard HoC Renders initial step - use with Steps array" time="0.038">
    </testcase>
    <testcase classname="withWizard HoC Renders second step after form submit - use with Steps array" name="withWizard HoC Renders second step after form submit - use with Steps array" time="0.011">
    </testcase>
    <testcase classname="withWizard HoC Renders initial step - use with Steps function" name="withWizard HoC Renders initial step - use with Steps function" time="0.003">
    </testcase>
    <testcase classname="withWizard HoC Renders second step - use with Steps function" name="withWizard HoC Renders second step - use with Steps function" time="0.006">
    </testcase>
  </testsuite>
  <testsuite name="FileUpload component" errors="0" failures="0" skipped="0" timestamp="2018-10-25T16:12:27" time="4.473" tests="1">
    <testcase classname="FileUpload component Renders initial component" name="FileUpload component Renders initial component" time="0.014">
    </testcase>
  </testsuite>
</testsuites>